[2026-02-27T11:01:18.394Z] Potential Unknown DEX/Aggregator Programs Executed:
 - pfeeUxB6jkeY1Hxd7CsFCAjcbHA9rWtchMGdZ6VojVZ

[2026-02-27T11:02:50.468Z] Potential Unknown DEX/Aggregator Programs Executed:
 - pfeeUxB6jkeY1Hxd7CsFCAjcbHA9rWtchMGdZ6VojVZ

[2026-02-27T11:04:18.726Z] Potential Unknown DEX/Aggregator Programs Executed:
 - pfeeUxB6jkeY1Hxd7CsFCAjcbHA9rWtchMGdZ6VojVZ

[2026-02-27T11:05:08.415Z] Potential Unknown DEX/Aggregator Programs Executed:
 - pfeeUxB6jkeY1Hxd7CsFCAjcbHA9rWtchMGdZ6VojVZ

[2026-02-27T11:05:56.245Z] Potential Unknown DEX/Aggregator Programs Executed:
 - troY36YiPGqMyAYCNbEqYCdN2tb91Zf7bHcQt7KUi61
 - pfeeUxB6jkeY1Hxd7CsFCAjcbHA9rWtchMGdZ6VojVZ

[2026-02-27T14:45:40.997Z] Potential Unknown DEX/Aggregator Programs Executed:
 - proVF4pMXVaYqmy4NjniPh4pqKNfMmsihgd4wdkCX3u
 - pfeeUxB6jkeY1Hxd7CsFCAjcbHA9rWtchMGdZ6VojVZ

[2026-02-27T15:17:18.544Z] Potential Unknown DEX/Aggregator Programs Executed:
 - s7SunwrPG5SbViEKiViaDThPRJxkkTrNx2iRPN3exNC

[2026-02-27T16:29:12.425Z] Potential Unknown DEX/Aggregator Programs Executed:
 - pfeeUxB6jkeY1Hxd7CsFCAjcbHA9rWtchMGdZ6VojVZ

[2026-02-27T16:47:47.045Z] Potential Unknown DEX/Aggregator Programs Executed:
 - troY36YiPGqMyAYCNbEqYCdN2tb91Zf7bHcQt7KUi61
 - pfeeUxB6jkeY1Hxd7CsFCAjcbHA9rWtchMGdZ6VojVZ

[2026-02-27T16:57:41.486Z] Potential Unknown DEX/Aggregator Programs Executed:
 - FLASHX8DrLbgeR8FcfNV1F5krxYcYMUdBkrP1EPBtxB9

[2026-02-27T17:15:43.552Z] Potential Unknown DEX/Aggregator Programs Executed:
 - pfeeUxB6jkeY1Hxd7CsFCAjcbHA9rWtchMGdZ6VojVZ
 - 9H6tua7jkLhdm3w8BvgpTn5LZNU7g4ZynDmCiNN3q6Rp

[2026-03-01T10:37:23.984Z] Potential Unknown DEX/Aggregator Programs Executed:
 - proVF4pMXVaYqmy4NjniPh4pqKNfMmsihgd4wdkCX3u
 - ALPHAQmeA7bjrVuccPsYPiCvsi428SNwte66Srvs4pHA
 - goonuddtQRrWqqn5nFyczVKaie28f3kDkHWkHtURSLE
 - pfeeUxB6jkeY1Hxd7CsFCAjcbHA9rWtchMGdZ6VojVZ

[2026-03-01T12:36:36.688Z] Potential Unknown DEX/Aggregator Programs Executed:
 - pfeeUxB6jkeY1Hxd7CsFCAjcbHA9rWtchMGdZ6VojVZ

[2026-03-01T12:50:48.023Z] Potential Unknown DEX/Aggregator Programs Executed:
 - pfeeUxB6jkeY1Hxd7CsFCAjcbHA9rWtchMGdZ6VojVZ

[2026-03-01T13:12:16.578Z] Potential Unknown DEX/Aggregator Programs Executed:
 - pfeeUxB6jkeY1Hxd7CsFCAjcbHA9rWtchMGdZ6VojVZ

[2026-03-01T13:18:32.017Z] Potential Unknown DEX/Aggregator Programs Executed:
 - pfeeUxB6jkeY1Hxd7CsFCAjcbHA9rWtchMGdZ6VojVZ

[2026-03-01T13:34:19.392Z] Potential Unknown DEX/Aggregator Programs Executed:
 - pfeeUxB6jkeY1Hxd7CsFCAjcbHA9rWtchMGdZ6VojVZ

[2026-03-01T14:00:58.564Z] Potential Unknown DEX/Aggregator Programs Executed:
 - pfeeUxB6jkeY1Hxd7CsFCAjcbHA9rWtchMGdZ6VojVZ

[2026-03-01T14:15:37.985Z] Potential Unknown DEX/Aggregator Programs Executed:
 - pfeeUxB6jkeY1Hxd7CsFCAjcbHA9rWtchMGdZ6VojVZ

[2026-03-01T14:49:02.223Z] Potential Unknown DEX/Aggregator Programs Executed:
 - pfeeUxB6jkeY1Hxd7CsFCAjcbHA9rWtchMGdZ6VojVZ

[2026-03-01T15:07:40.030Z] Potential Unknown DEX/Aggregator Programs Executed:
 - troY36YiPGqMyAYCNbEqYCdN2tb91Zf7bHcQt7KUi61

[2026-03-01T17:38:30.247Z] Potential Unknown DEX/Aggregator Programs Executed:
 - LBUZKhRxPF3XUpBCjp4YzTKgLccjZhTSDM9YuVaPwxo

[2026-03-01T17:42:29.930Z] Potential Unknown DEX/Aggregator Programs Executed:
 - FLASHX8DrLbgeR8FcfNV1F5krxYcYMUdBkrP1EPBtxB9

[2026-03-01T18:01:46.694Z] Potential Unknown DEX/Aggregator Programs Executed:
 - pfeeUxB6jkeY1Hxd7CsFCAjcbHA9rWtchMGdZ6VojVZ
 - LBUZKhRxPF3XUpBCjp4YzTKgLccjZhTSDM9YuVaPwxo

[2026-03-01T18:07:34.475Z] Potential Unknown DEX/Aggregator Programs Executed:
 - 9H6tua7jkLhdm3w8BvgpTn5LZNU7g4ZynDmCiNN3q6Rp

[2026-03-02T01:43:02.079Z] Potential Unknown DEX/Aggregator Programs Executed:
 - 9H6tua7jkLhdm3w8BvgpTn5LZNU7g4ZynDmCiNN3q6Rp
 - LBUZKhRxPF3XUpBCjp4YzTKgLccjZhTSDM9YuVaPwxo

[2026-03-02T02:48:39.800Z] Potential Unknown DEX/Aggregator Programs Executed:
 - Hb1HrvCEGmnpNdRwetz2h7yQaqrqn5jdW9HpB4UBxSzv

[2026-03-02T02:51:23.738Z] Potential Unknown DEX/Aggregator Programs Executed:
 - GMgnVFR8Jb39LoXsEVzb3DvBy3ywCmdmJquHUy1Lrkqb
 - pfeeUxB6jkeY1Hxd7CsFCAjcbHA9rWtchMGdZ6VojVZ

[2026-03-02T02:52:30.301Z] Potential Unknown DEX/Aggregator Programs Executed:
 - term9YPb9mzAsABaqN71A4xdbxHmpBNZavpBiQKZzN3

[2026-03-02T02:56:08.617Z] Potential Unknown DEX/Aggregator Programs Executed:
 - term9YPb9mzAsABaqN71A4xdbxHmpBNZavpBiQKZzN3
 - pfeeUxB6jkeY1Hxd7CsFCAjcbHA9rWtchMGdZ6VojVZ

[2026-03-02T03:07:39.897Z] Potential Unknown DEX/Aggregator Programs Executed:
 - proVF4pMXVaYqmy4NjniPh4pqKNfMmsihgd4wdkCX3u
 - LBUZKhRxPF3XUpBCjp4YzTKgLccjZhTSDM9YuVaPwxo

[2026-03-02T04:36:22.318Z] Potential Unknown DEX/Aggregator Programs Executed:
 - proVF4pMXVaYqmy4NjniPh4pqKNfMmsihgd4wdkCX3u
 - LBUZKhRxPF3XUpBCjp4YzTKgLccjZhTSDM9YuVaPwxo

[2026-03-02T04:59:54.864Z] Potential Unknown DEX/Aggregator Programs Executed:
 - proVF4pMXVaYqmy4NjniPh4pqKNfMmsihgd4wdkCX3u
 - LBUZKhRxPF3XUpBCjp4YzTKgLccjZhTSDM9YuVaPwxo

[2026-03-02T05:40:19.336Z] Potential Unknown DEX/Aggregator Programs Executed:
 - pfeeUxB6jkeY1Hxd7CsFCAjcbHA9rWtchMGdZ6VojVZ
 - LBUZKhRxPF3XUpBCjp4YzTKgLccjZhTSDM9YuVaPwxo

[2026-03-02T06:04:35.884Z] Unknown programs: pfeeUxB6jkeY1Hxd7CsFCAjcbHA9rWtchMGdZ6VojVZ, LBUZKhRxPF3XUpBCjp4YzTKgLccjZhTSDM9YuVaPwxo
{"ts":"2026-03-02T06:34:47.156Z","unknownPrograms":["pfeeUxB6jkeY1Hxd7CsFCAjcbHA9rWtchMGdZ6VojVZ","LBUZKhRxPF3XUpBCjp4YzTKgLccjZhTSDM9YuVaPwxo"]}
{"ts":"2026-03-02T07:10:08.261Z","unknownPrograms":["BiSoNHVpsVZW2F7rx2eQ59yQwKxzU5NvBcmKshCSUypi","REALQqNEomY6cQGZJUGwywTBD2UmDT32rZcNnfxQ5N2","LBUZKhRxPF3XUpBCjp4YzTKgLccjZhTSDM9YuVaPwxo"]}
{"ts":"2026-03-02T07:10:21.350Z","unknownPrograms":["BiSoNHVpsVZW2F7rx2eQ59yQwKxzU5NvBcmKshCSUypi","REALQqNEomY6cQGZJUGwywTBD2UmDT32rZcNnfxQ5N2","LBUZKhRxPF3XUpBCjp4YzTKgLccjZhTSDM9YuVaPwxo"]}
{"ts":"2026-03-02T07:10:23.397Z","unknownPrograms":["BiSoNHVpsVZW2F7rx2eQ59yQwKxzU5NvBcmKshCSUypi","REALQqNEomY6cQGZJUGwywTBD2UmDT32rZcNnfxQ5N2","LBUZKhRxPF3XUpBCjp4YzTKgLccjZhTSDM9YuVaPwxo"]}
{"ts":"2026-03-02T07:10:25.250Z","unknownPrograms":["BiSoNHVpsVZW2F7rx2eQ59yQwKxzU5NvBcmKshCSUypi","REALQqNEomY6cQGZJUGwywTBD2UmDT32rZcNnfxQ5N2","LBUZKhRxPF3XUpBCjp4YzTKgLccjZhTSDM9YuVaPwxo"]}
{"ts":"2026-03-02T07:10:29.540Z","unknownPrograms":["BiSoNHVpsVZW2F7rx2eQ59yQwKxzU5NvBcmKshCSUypi","REALQqNEomY6cQGZJUGwywTBD2UmDT32rZcNnfxQ5N2","LBUZKhRxPF3XUpBCjp4YzTKgLccjZhTSDM9YuVaPwxo"]}
{"ts":"2026-03-02T07:10:31.282Z","unknownPrograms":["BiSoNHVpsVZW2F7rx2eQ59yQwKxzU5NvBcmKshCSUypi","REALQqNEomY6cQGZJUGwywTBD2UmDT32rZcNnfxQ5N2","LBUZKhRxPF3XUpBCjp4YzTKgLccjZhTSDM9YuVaPwxo"]}
